<?xml version="1.0" encoding="UTF-8"?>
<!-- Generated by org.testng.reporters.JUnitReportReporter -->
<testsuite hostname="NSWSYDNLP295" failures="0" tests="1" name="com.australianopen.android.tests.AndroidPOCTest" time="76.460" errors="0" timestamp="2020-09-17T12:45:37 AEST" skipped="0">
  <testcase classname="com.australianopen.android.tests.AndroidPOCTest" name="TC001_verifyFavouriteFunctionality" time="76.460"/>
  <system-out/>
</testsuite> <!-- com.australianopen.android.tests.AndroidPOCTest -->
